<?xml version="1.0" encoding="UTF-8"?>
<testsuite name="uk.gov.hmcts.reform.fpl.controllers.GetWelcomeTest" tests="1" skipped="0" failures="0" errors="0" timestamp="2018-10-04T12:57:58" hostname="Kurts-MacBook-Pro.local" time="0.289">
  <properties/>
  <testcase name="should_welcome_upon_root_request_with_200_response_code" classname="uk.gov.hmcts.reform.fpl.controllers.GetWelcomeTest" time="0.289"/>
  <system-out><![CDATA[2018-10-04T13:57:54.335+0100 INFO  [Test worker] org.springframework.boot.test.autoconfigure.web.servlet.WebMvcTestContextBootstrapper:308: Neither @ContextConfiguration nor @ContextHierarchy found for test class [uk.gov.hmcts.reform.fpl.controllers.GetWelcomeTest], using SpringBootContextLoader
2018-10-04T13:57:54.367+0100 INFO  [Test worker] org.springframework.test.context.support.AbstractContextLoader:264: Could not detect default resource locations for test class [uk.gov.hmcts.reform.fpl.controllers.GetWelcomeTest]: no resource found for suffixes {-context.xml, Context.groovy}.
2018-10-04T13:57:54.368+0100 INFO  [Test worker] org.springframework.test.context.support.AnnotationConfigContextLoaderUtils:83: Could not detect default configuration classes for test class [uk.gov.hmcts.reform.fpl.controllers.GetWelcomeTest]: GetWelcomeTest does not declare any static, non-private, non-final, nested classes annotated with @Configuration.
2018-10-04T13:57:54.586+0100 INFO  [Test worker] org.springframework.boot.test.context.SpringBootTestContextBootstrapper:244: Found @SpringBootConfiguration uk.gov.hmcts.reform.fpl.Application for test class uk.gov.hmcts.reform.fpl.controllers.GetWelcomeTest
2018-10-04T13:57:54.591+0100 INFO  [Test worker] org.springframework.boot.test.autoconfigure.web.servlet.WebMvcTestContextBootstrapper:248: Loaded default TestExecutionListener class names from location [META-INF/spring.factories]: [org.springframework.boot.test.autoconfigure.restdocs.RestDocsTestExecutionListener, org.springframework.boot.test.autoconfigure.web.client.MockRestServiceServerResetTestExecutionListener, org.springframework.boot.test.autoconfigure.web.servlet.MockMvcPrintOnlyOnFailureTestExecutionListener, org.springframework.boot.test.autoconfigure.web.servlet.WebDriverTestExecutionListener, org.springframework.boot.test.mock.mockito.MockitoTestExecutionListener, org.springframework.boot.test.mock.mockito.ResetMocksTestExecutionListener, org.springframework.test.context.web.ServletTestExecutionListener, org.springframework.test.context.support.DirtiesContextBeforeModesTestExecutionListener, org.springframework.test.context.support.DependencyInjectionTestExecutionListener, org.springframework.test.context.support.DirtiesContextTestExecutionListener, org.springframework.test.context.transaction.TransactionalTestExecutionListener, org.springframework.test.context.jdbc.SqlScriptsTestExecutionListener]
2018-10-04T13:57:54.644+0100 INFO  [Test worker] org.springframework.boot.test.autoconfigure.web.servlet.WebMvcTestContextBootstrapper:177: Using TestExecutionListeners: [org.springframework.test.context.web.ServletTestExecutionListener@4b3b9c39, org.springframework.test.context.support.DirtiesContextBeforeModesTestExecutionListener@4f01088e, org.springframework.boot.test.mock.mockito.MockitoTestExecutionListener@30868625, org.springframework.boot.test.autoconfigure.SpringBootDependencyInjectionTestExecutionListener@1470a9a8, org.springframework.test.context.support.DirtiesContextTestExecutionListener@3bd354b, org.springframework.boot.test.autoconfigure.restdocs.RestDocsTestExecutionListener@443f18ca, org.springframework.boot.test.autoconfigure.web.client.MockRestServiceServerResetTestExecutionListener@408c09c6, org.springframework.boot.test.autoconfigure.web.servlet.MockMvcPrintOnlyOnFailureTestExecutionListener@51a0d596, org.springframework.boot.test.autoconfigure.web.servlet.WebDriverTestExecutionListener@3bdda584, org.springframework.boot.test.mock.mockito.ResetMocksTestExecutionListener@798137d]
2018-10-04T13:57:55.575+0100 INFO  [Test worker] org.springframework.context.annotation.AnnotationConfigApplicationContext:590: Refreshing org.springframework.context.annotation.AnnotationConfigApplicationContext@47e61ba6: startup date [Thu Oct 04 13:57:55 BST 2018]; root of context hierarchy
2018-10-04T13:57:56.033+0100 INFO  [Test worker] org.springframework.context.support.PostProcessorRegistrationDelegate$BeanPostProcessorChecker:328: Bean 'configurationPropertiesRebinderAutoConfiguration' of type [org.springframework.cloud.autoconfigure.ConfigurationPropertiesRebinderAutoConfiguration$$EnhancerBySpringCGLIB$$78127130] is not eligible for getting processed by all BeanPostProcessors (for example: not eligible for auto-proxying)

  .   ____          _            __ _ _
 /\\ / ___'_ __ _ _(_)_ __  __ _ \ \ \ \
( ( )\___ | '_ | '_| | '_ \/ _` | \ \ \ \
 \\/  ___)| |_)| | | | | || (_| |  ) ) ) )
  '  |____| .__|_| |_|_| |_\__, | / / / /
 =========|_|==============|___/=/_/_/_/
 :: Spring Boot ::        (v2.0.3.RELEASE)

2018-10-04T13:57:56.366+0100 INFO  [Test worker] uk.gov.hmcts.reform.fpl.controllers.GetWelcomeTest:659: No active profile set, falling back to default profiles: default
2018-10-04T13:57:56.380+0100 INFO  [Test worker] org.springframework.web.context.support.GenericWebApplicationContext:590: Refreshing org.springframework.web.context.support.GenericWebApplicationContext@7e8b6748: startup date [Thu Oct 04 13:57:56 BST 2018]; parent: org.springframework.context.annotation.AnnotationConfigApplicationContext@47e61ba6
2018-10-04T13:57:57.160+0100 INFO  [Test worker] org.springframework.web.servlet.handler.SimpleUrlHandlerMapping:373: Mapped URL path [/**/favicon.ico] onto handler of type [class org.springframework.web.servlet.resource.ResourceHttpRequestHandler]
2018-10-04T13:57:57.576+0100 INFO  [Test worker] org.springframework.web.servlet.mvc.method.annotation.RequestMappingHandlerAdapter:574: Looking for @ControllerAdvice: org.springframework.web.context.support.GenericWebApplicationContext@7e8b6748: startup date [Thu Oct 04 13:57:56 BST 2018]; parent: org.springframework.context.annotation.AnnotationConfigApplicationContext@47e61ba6
2018-10-04T13:57:57.798+0100 INFO  [Test worker] org.springframework.web.servlet.mvc.method.annotation.RequestMappingHandlerMapping:547: Mapped "{[/],methods=[GET]}" onto public org.springframework.http.ResponseEntity<java.lang.String> uk.gov.hmcts.reform.fpl.controllers.RootController.welcome()
2018-10-04T13:57:57.804+0100 INFO  [Test worker] org.springframework.web.servlet.mvc.method.annotation.RequestMappingHandlerMapping:547: Mapped "{[/error]}" onto public org.springframework.http.ResponseEntity<java.util.Map<java.lang.String, java.lang.Object>> org.springframework.boot.autoconfigure.web.servlet.error.BasicErrorController.error(javax.servlet.http.HttpServletRequest)
2018-10-04T13:57:57.806+0100 INFO  [Test worker] org.springframework.web.servlet.mvc.method.annotation.RequestMappingHandlerMapping:547: Mapped "{[/error],produces=[text/html]}" onto public org.springframework.web.servlet.ModelAndView org.springframework.boot.autoconfigure.web.servlet.error.BasicErrorController.errorHtml(javax.servlet.http.HttpServletRequest,javax.servlet.http.HttpServletResponse)
2018-10-04T13:57:57.848+0100 INFO  [Test worker] org.springframework.web.servlet.handler.SimpleUrlHandlerMapping:373: Mapped URL path [/webjars/**] onto handler of type [class org.springframework.web.servlet.resource.ResourceHttpRequestHandler]
2018-10-04T13:57:57.849+0100 INFO  [Test worker] org.springframework.web.servlet.handler.SimpleUrlHandlerMapping:373: Mapped URL path [/**] onto handler of type [class org.springframework.web.servlet.resource.ResourceHttpRequestHandler]
2018-10-04T13:57:57.989+0100 INFO  [Test worker] org.springframework.boot.test.mock.web.SpringBootMockServletContext:438: Initializing Spring FrameworkServlet ''
2018-10-04T13:57:57.990+0100 INFO  [Test worker] org.springframework.test.web.servlet.TestDispatcherServlet:494: FrameworkServlet '': initialization started
2018-10-04T13:57:58.005+0100 INFO  [Test worker] org.springframework.test.web.servlet.TestDispatcherServlet:509: FrameworkServlet '': initialization completed in 15 ms
2018-10-04T13:57:58.041+0100 INFO  [Test worker] uk.gov.hmcts.reform.fpl.controllers.GetWelcomeTest:59: Started GetWelcomeTest in 3.093 seconds (JVM running for 5.849)
]]></system-out>
  <system-err><![CDATA[]]></system-err>
</testsuite>
